#
# There is insufficient memory for the Java Runtime Environment to continue.
# Native memory allocation (malloc) failed to allocate 2248016 bytes for Chunk::new
# Possible reasons:
#   The system is out of physical RAM or swap space
#   In 32 bit mode, the process size limit was hit
# Possible solutions:
#   Reduce memory load on the system
#   Increase physical memory or swap space
#   Check if swap backing store is full
#   Use 64 bit Java on a 64 bit OS
#   Decrease Java heap size (-Xmx/-Xms)
#   Decrease number of Java threads
#   Decrease Java thread stack sizes (-Xss)
#   Set larger code cache with -XX:ReservedCodeCacheSize=
# This output file may be truncated or incomplete.
#
#  Out of Memory Error (allocation.cpp:390), pid=8224, tid=0x0000000000002924
#
# JRE version: Java(TM) SE Runtime Environment (8.0_121-b13) (build 1.8.0_121-b13)
# Java VM: Java HotSpot(TM) 64-Bit Server VM (25.121-b13 mixed mode windows-amd64 compressed oops)
# Failed to write core dump. Minidumps are not enabled by default on client versions of Windows
#

---------------  T H R E A D  ---------------

Current thread (0x0000000016be1000):  JavaThread "C2 CompilerThread0" daemon [_thread_in_native, id=10532, stack(0x0000000018320000,0x0000000018420000)]

Stack: [0x0000000018320000,0x0000000018420000]
[error occurred during error reporting (printing stack bounds), id 0xc0000005]

Native frames: (J=compiled Java code, j=interpreted, Vv=VM code, C=native code)


Current CompileTask:
C2:   7217 2529       4       java.net.URLClassLoader$1::run (5 bytes)


---------------  P R O C E S S  ---------------

Java Threads: ( => current thread )
  0x000000001a0dc800 JavaThread "File lock request listener" [_thread_in_native, id=1452, stack(0x000000001e470000,0x000000001e570000)]
  0x000000001a0e1800 JavaThread "pool-1-thread-1" [_thread_blocked, id=4924, stack(0x0000000019420000,0x0000000019520000)]
  0x0000000016c3d800 JavaThread "Service Thread" daemon [_thread_blocked, id=6152, stack(0x0000000018a20000,0x0000000018b20000)]
  0x0000000016be6800 JavaThread "C1 CompilerThread2" daemon [_thread_blocked, id=6460, stack(0x0000000018520000,0x0000000018620000)]
  0x0000000016be3800 JavaThread "C2 CompilerThread1" daemon [_thread_in_native, id=3580, stack(0x0000000018420000,0x0000000018520000)]
=>0x0000000016be1000 JavaThread "C2 CompilerThread0" daemon [_thread_in_native, id=10532, stack(0x0000000018320000,0x0000000018420000)]
  0x0000000016be0000 JavaThread "Attach Listener" daemon [_thread_blocked, id=3668, stack(0x0000000018220000,0x0000000018320000)]
  0x0000000016bde800 JavaThread "Signal Dispatcher" daemon [_thread_blocked, id=6260, stack(0x0000000018120000,0x0000000018220000)]
  0x0000000016bca800 JavaThread "Finalizer" daemon [_thread_blocked, id=4220, stack(0x0000000017e30000,0x0000000017f30000)]
  0x00000000045e3800 JavaThread "Reference Handler" daemon [_thread_blocked, id=4144, stack(0x0000000017d30000,0x0000000017e30000)]
  0x00000000043ce000 JavaThread "main" [_thread_in_native_trans, id=9656, stack(0x00000000043d0000,0x00000000044d0000)]

Other Threads:
  0x0000000016ba7000 VMThread [stack: 0x0000000017c30000,0x0000000017d30000] [id=5624]
  0x0000000018677800 WatcherThread [stack: 0x0000000018b20000,0x0000000018c20000] [id=5952]

VM state:not at safepoint (normal execution)

VM Mutex/Monitor currently owned by a thread: None

Heap:
 PSYoungGen      total 48128K, used 5615K [0x00000000eb300000, 0x00000000ee980000, 0x0000000100000000)
  eden space 40448K, 9% used [0x00000000eb300000,0x00000000eb6f05a8,0x00000000eda80000)
  from space 7680K, 20% used [0x00000000ee200000,0x00000000ee38b860,0x00000000ee980000)
  to   space 7680K, 0% used [0x00000000eda80000,0x00000000eda80000,0x00000000ee200000)
 ParOldGen       total 34816K, used 17676K [0x00000000c1800000, 0x00000000c3a00000, 0x00000000eb300000)
  object space 34816K, 50% used [0x00000000c1800000,0x00000000c2943250,0x00000000c3a00000)
 Metaspace       used 31470K, capacity 31968K, committed 32256K, reserved 1077248K
  class space    used 4315K, capacity 4509K, committed 4608K, reserved 1048576K

Card table byte_map: [0x00000000139b0000,0x0000000013bb0000] byte_map_base: 0x00000000133a4000

Marking Bits: (ParMarkBitMap*) 0x00000000527ab6d0
 Begin Bits: [0x0000000014100000, 0x00000000150a0000)
 End Bits:   [0x00000000150a0000, 0x0000000016040000)

Polling page: 0x0000000002b50000

CodeCache: size=245760Kb used=10534Kb max_used=10534Kb free=235225Kb
 bounds [0x00000000045f0000, 0x0000000005040000, 0x00000000135f0000]
 total_blobs=3608 nmethods=2946 adapters=573
 compilation: enabled

Compilation events (10 events):
Event: 7.207 Thread 0x0000000016be6800 3002       2       sun.reflect.generics.reflectiveObjects.GenericArrayTypeImpl::hashCode (8 bytes)
Event: 7.208 Thread 0x0000000016be6800 nmethod 3002 0x000000000503bb50 code [0x000000000503bcc0, 0x000000000503be48]
Event: 7.208 Thread 0x0000000016be6800 3003       2       java.util.EnumMap::entrySet (26 bytes)
Event: 7.209 Thread 0x0000000016be6800 nmethod 3003 0x000000000503bed0 code [0x000000000503c020, 0x000000000503c210]
Event: 7.209 Thread 0x0000000016be6800 3004       2       java.util.EnumMap$EntrySet::<init> (6 bytes)
Event: 7.209 Thread 0x0000000016be6800 nmethod 3004 0x000000000503c290 code [0x000000000503c3e0, 0x000000000503c550]
Event: 7.209 Thread 0x0000000016be6800 3005       2       com.google.common.collect.Iterators::getOnlyElement (136 bytes)
Event: 7.211 Thread 0x0000000016be6800 nmethod 3005 0x000000000503c5d0 code [0x000000000503c880, 0x000000000503d458]
Event: 7.211 Thread 0x0000000016be6800 3006       2       org.gradle.model.internal.manage.schema.extract.CandidateMethods::allMethods (52 bytes)
Event: 7.212 Thread 0x0000000016be6800 nmethod 3006 0x000000000503dd90 code [0x000000000503df40, 0x000000000503e338]

GC Heap History (10 events):
Event: 4.358 GC heap before
{Heap before GC invocations=9 (full 1):
 PSYoungGen      total 35328K, used 32768K [0x00000000eb300000, 0x00000000ed800000, 0x0000000100000000)
  eden space 32768K, 100% used [0x00000000eb300000,0x00000000ed300000,0x00000000ed300000)
  from space 2560K, 0% used [0x00000000ed300000,0x00000000ed300000,0x00000000ed580000)
  to   space 2560K, 0% used [0x00000000ed580000,0x00000000ed580000,0x00000000ed800000)
 ParOldGen       total 34816K, used 10053K [0x00000000c1800000, 0x00000000c3a00000, 0x00000000eb300000)
  object space 34816K, 28% used [0x00000000c1800000,0x00000000c21d1420,0x00000000c3a00000)
 Metaspace       used 23369K, capacity 23626K, committed 23936K, reserved 1069056K
  class space    used 3280K, capacity 3387K, committed 3456K, reserved 1048576K
Event: 4.365 GC heap after
Heap after GC invocations=9 (full 1):
 PSYoungGen      total 35328K, used 2535K [0x00000000eb300000, 0x00000000ed800000, 0x0000000100000000)
  eden space 32768K, 0% used [0x00000000eb300000,0x00000000eb300000,0x00000000ed300000)
  from space 2560K, 99% used [0x00000000ed580000,0x00000000ed7f9d90,0x00000000ed800000)
  to   space 2560K, 0% used [0x00000000ed300000,0x00000000ed300000,0x00000000ed580000)
 ParOldGen       total 34816K, used 10917K [0x00000000c1800000, 0x00000000c3a00000, 0x00000000eb300000)
  object space 34816K, 31% used [0x00000000c1800000,0x00000000c22a9700,0x00000000c3a00000)
 Metaspace       used 23369K, capacity 23626K, committed 23936K, reserved 1069056K
  class space    used 3280K, capacity 3387K, committed 3456K, reserved 1048576K
}
Event: 4.852 GC heap before
{Heap before GC invocations=10 (full 1):
 PSYoungGen      total 35328K, used 35303K [0x00000000eb300000, 0x00000000ed800000, 0x0000000100000000)
  eden space 32768K, 100% used [0x00000000eb300000,0x00000000ed300000,0x00000000ed300000)
  from space 2560K, 99% used [0x00000000ed580000,0x00000000ed7f9d90,0x00000000ed800000)
  to   space 2560K, 0% used [0x00000000ed300000,0x00000000ed300000,0x00000000ed580000)
 ParOldGen       total 34816K, used 10917K [0x00000000c1800000, 0x00000000c3a00000, 0x00000000eb300000)
  object space 34816K, 31% used [0x00000000c1800000,0x00000000c22a9700,0x00000000c3a00000)
 Metaspace       used 26617K, capacity 27056K, committed 27520K, reserved 1073152K
  class space    used 3717K, capacity 3854K, committed 3968K, reserved 1048576K
Event: 4.857 GC heap after
Heap after GC invocations=10 (full 1):
 PSYoungGen      total 35328K, used 2552K [0x00000000eb300000, 0x00000000ed800000, 0x0000000100000000)
  eden space 32768K, 0% used [0x00000000eb300000,0x00000000eb300000,0x00000000ed300000)
  from space 2560K, 99% used [0x00000000ed300000,0x00000000ed57e1e8,0x00000000ed580000)
  to   space 2560K, 0% used [0x00000000ed580000,0x00000000ed580000,0x00000000ed800000)
 ParOldGen       total 34816K, used 12612K [0x00000000c1800000, 0x00000000c3a00000, 0x00000000eb300000)
  object space 34816K, 36% used [0x00000000c1800000,0x00000000c2451270,0x00000000c3a00000)
 Metaspace       used 26617K, capacity 27056K, committed 27520K, reserved 1073152K
  class space    used 3717K, capacity 3854K, committed 3968K, reserved 1048576K
}
Event: 6.059 GC heap before
{Heap before GC invocations=11 (full 1):
 PSYoungGen      total 35328K, used 35320K [0x00000000eb300000, 0x00000000ed800000, 0x0000000100000000)
  eden space 32768K, 100% used [0x00000000eb300000,0x00000000ed300000,0x00000000ed300000)
  from space 2560K, 99% used [0x00000000ed300000,0x00000000ed57e1e8,0x00000000ed580000)
  to   space 2560K, 0% used [0x00000000ed580000,0x00000000ed580000,0x00000000ed800000)
 ParOldGen       total 34816K, used 12612K [0x00000000c1800000, 0x00000000c3a00000, 0x00000000eb300000)
  object space 34816K, 36% used [0x00000000c1800000,0x00000000c2451270,0x00000000c3a00000)
 Metaspace       used 27288K, capacity 27748K, committed 28032K, reserved 1073152K
  class space    used 3773K, capacity 3929K, committed 3968K, reserved 1048576K
Event: 6.073 GC heap after
Heap after GC invocations=11 (full 1):
 PSYoungGen      total 30208K, used 2528K [0x00000000eb300000, 0x00000000ef180000, 0x0000000100000000)
  eden space 27648K, 0% used [0x00000000eb300000,0x00000000eb300000,0x00000000ece00000)
  from space 2560K, 98% used [0x00000000ed580000,0x00000000ed7f8010,0x00000000ed800000)
  to   space 7680K, 0% used [0x00000000ece00000,0x00000000ece00000,0x00000000ed580000)
 ParOldGen       total 34816K, used 14409K [0x00000000c1800000, 0x00000000c3a00000, 0x00000000eb300000)
  object space 34816K, 41% used [0x00000000c1800000,0x00000000c2612400,0x00000000c3a00000)
 Metaspace       used 27288K, capacity 27748K, committed 28032K, reserved 1073152K
  class space    used 3773K, capacity 3929K, committed 3968K, reserved 1048576K
}
Event: 6.840 GC heap before
{Heap before GC invocations=12 (full 1):
 PSYoungGen      total 30208K, used 30176K [0x00000000eb300000, 0x00000000ef180000, 0x0000000100000000)
  eden space 27648K, 100% used [0x00000000eb300000,0x00000000ece00000,0x00000000ece00000)
  from space 2560K, 98% used [0x00000000ed580000,0x00000000ed7f8010,0x00000000ed800000)
  to   space 7680K, 0% used [0x00000000ece00000,0x00000000ece00000,0x00000000ed580000)
 ParOldGen       total 34816K, used 14409K [0x00000000c1800000, 0x00000000c3a00000, 0x00000000eb300000)
  object space 34816K, 41% used [0x00000000c1800000,0x00000000c2612400,0x00000000c3a00000)
 Metaspace       used 30788K, capacity 31264K, committed 31616K, reserved 1077248K
  class space    used 4251K, capacity 4445K, committed 4480K, reserved 1048576K
Event: 6.854 GC heap after
Heap after GC invocations=12 (full 1):
 PSYoungGen      total 35328K, used 3524K [0x00000000eb300000, 0x00000000ee980000, 0x0000000100000000)
  eden space 27648K, 0% used [0x00000000eb300000,0x00000000eb300000,0x00000000ece00000)
  from space 7680K, 45% used [0x00000000ece00000,0x00000000ed1713d0,0x00000000ed580000)
  to   space 7680K, 0% used [0x00000000ee200000,0x00000000ee200000,0x00000000ee980000)
 ParOldGen       total 34816K, used 16928K [0x00000000c1800000, 0x00000000c3a00000, 0x00000000eb300000)
  object space 34816K, 48% used [0x00000000c1800000,0x00000000c2888240,0x00000000c3a00000)
 Metaspace       used 30788K, capacity 31264K, committed 31616K, reserved 1077248K
  class space    used 4251K, capacity 4445K, committed 4480K, reserved 1048576K
}
Event: 7.178 GC heap before
{Heap before GC invocations=13 (full 1):
 PSYoungGen      total 35328K, used 31172K [0x00000000eb300000, 0x00000000ee980000, 0x0000000100000000)
  eden space 27648K, 100% used [0x00000000eb300000,0x00000000ece00000,0x00000000ece00000)
  from space 7680K, 45% used [0x00000000ece00000,0x00000000ed1713d0,0x00000000ed580000)
  to   space 7680K, 0% used [0x00000000ee200000,0x00000000ee200000,0x00000000ee980000)
 ParOldGen       total 34816K, used 16928K [0x00000000c1800000, 0x00000000c3a00000, 0x00000000eb300000)
  object space 34816K, 48% used [0x00000000c1800000,0x00000000c2888240,0x00000000c3a00000)
 Metaspace       used 31456K, capacity 31968K, committed 32256K, reserved 1077248K
  class space    used 4315K, capacity 4509K, committed 4608K, reserved 1048576K
Event: 7.187 GC heap after
Heap after GC invocations=13 (full 1):
 PSYoungGen      total 48128K, used 1582K [0x00000000eb300000, 0x00000000ee980000, 0x0000000100000000)
  eden space 40448K, 0% used [0x00000000eb300000,0x00000000eb300000,0x00000000eda80000)
  from space 7680K, 20% used [0x00000000ee200000,0x00000000ee38b860,0x00000000ee980000)
  to   space 7680K, 0% used [0x00000000eda80000,0x00000000eda80000,0x00000000ee200000)
 ParOldGen       total 34816K, used 17676K [0x00000000c1800000, 0x00000000c3a00000, 0x00000000eb300000)
  object space 34816K, 50% used [0x00000000c1800000,0x00000000c2943250,0x00000000c3a00000)
 Metaspace       used 31456K, capacity 31968K, committed 32256K, reserved 1077248K
  class space    used 4315K, capacity 4509K, committed 4608K, reserved 1048576K
}

Deoptimization events (10 events):
Event: 6.221 Thread 0x00000000043ce000 Uncommon trap: reason=bimorphic action=maybe_recompile pc=0x0000000004c5d8c0 method=java.lang.ClassLoader.getPackage(Ljava/lang/String;)Ljava/lang/Package; @ 47
Event: 6.223 Thread 0x00000000043ce000 Uncommon trap: reason=bimorphic action=maybe_recompile pc=0x0000000004c5d8c0 method=java.lang.ClassLoader.getPackage(Ljava/lang/String;)Ljava/lang/Package; @ 47
Event: 6.225 Thread 0x00000000043ce000 Uncommon trap: reason=bimorphic action=maybe_recompile pc=0x0000000004c5d8c0 method=java.lang.ClassLoader.getPackage(Ljava/lang/String;)Ljava/lang/Package; @ 47
Event: 6.228 Thread 0x00000000043ce000 Uncommon trap: reason=bimorphic action=maybe_recompile pc=0x0000000004cc3510 method=java.lang.ClassLoader.getPackage(Ljava/lang/String;)Ljava/lang/Package; @ 47
Event: 6.600 Thread 0x00000000043ce000 Uncommon trap: reason=bimorphic action=maybe_recompile pc=0x0000000004eabc3c method=java.security.MessageDigest$Delegate.engineUpdate([BII)V @ 7
Event: 6.600 Thread 0x00000000043ce000 Uncommon trap: reason=bimorphic action=maybe_recompile pc=0x0000000004eabc3c method=java.security.MessageDigest$Delegate.engineUpdate([BII)V @ 7
Event: 6.600 Thread 0x00000000043ce000 Uncommon trap: reason=bimorphic action=maybe_recompile pc=0x0000000004eae06c method=sun.security.provider.DigestBase.engineUpdate([BII)V @ 128
Event: 6.975 Thread 0x00000000043ce000 Uncommon trap: reason=unstable_if action=reinterpret pc=0x0000000004910104 method=java.util.HashMap.putVal(ILjava/lang/Object;Ljava/lang/Object;ZZ)Ljava/lang/Object; @ 162
Event: 6.975 Thread 0x00000000043ce000 Uncommon trap: reason=unstable_if action=reinterpret pc=0x0000000004d44fec method=java.util.HashMap.putVal(ILjava/lang/Object;Ljava/lang/Object;ZZ)Ljava/lang/Object; @ 162
Event: 6.975 Thread 0x00000000043ce000 Uncommon trap: reason=unstable_if action=reinterpret pc=0x00000000048ce0fc method=java.util.HashMap.resize()[Ljava/util/HashMap$Node; @ 206

Internal exceptions (10 events):
Event: 6.002 Thread 0x00000000043ce000 Exception <a 'java/lang/ClassNotFoundException': org/codehaus/groovy/runtime/GStringImplBeanInfo> (0x00000000ed24d360) thrown at [C:\re\workspace\8-2-build-windows-amd64-cygwin\jdk8u121\8372\hotspot\src\share\vm\classfile\systemDictionary.cpp, line 210]
Event: 6.003 Thread 0x00000000043ce000 Exception <a 'java/lang/ClassNotFoundException': org/codehaus/groovy/runtime/GStringImplCustomizer> (0x00000000ed273af8) thrown at [C:\re\workspace\8-2-build-windows-amd64-cygwin\jdk8u121\8372\hotspot\src\share\vm\classfile\systemDictionary.cpp, line 210]
Event: 6.197 Thread 0x00000000043ce000 Exception <a 'java/lang/ClassNotFoundException': build_by708gehpzahp7onyfjtp8hsxBeanInfo> (0x00000000eb3a93f0) thrown at [C:\re\workspace\8-2-build-windows-amd64-cygwin\jdk8u121\8372\hotspot\src\share\vm\classfile\systemDictionary.cpp, line 210]
Event: 6.198 Thread 0x00000000043ce000 Exception <a 'java/lang/ClassNotFoundException': build_by708gehpzahp7onyfjtp8hsxCustomizer> (0x00000000eb3b7b70) thrown at [C:\re\workspace\8-2-build-windows-amd64-cygwin\jdk8u121\8372\hotspot\src\share\vm\classfile\systemDictionary.cpp, line 210]
Event: 6.206 Thread 0x00000000043ce000 Exception <a 'java/lang/ClassNotFoundException': org/gradle/api/internal/plugins/DefaultObjectConfigurationActionBeanInfo> (0x00000000eb40b438) thrown at [C:\re\workspace\8-2-build-windows-amd64-cygwin\jdk8u121\8372\hotspot\src\share\vm\classfile\systemDi
Event: 6.208 Thread 0x00000000043ce000 Exception <a 'java/lang/ClassNotFoundException': org/gradle/api/internal/plugins/DefaultObjectConfigurationActionCustomizer> (0x00000000eb436f80) thrown at [C:\re\workspace\8-2-build-windows-amd64-cygwin\jdk8u121\8372\hotspot\src\share\vm\classfile\system
Event: 6.211 Thread 0x00000000043ce000 Exception <a 'java/lang/ClassNotFoundException': org/gradle/api/plugins/ObjectConfigurationActionBeanInfo> (0x00000000eb470c28) thrown at [C:\re\workspace\8-2-build-windows-amd64-cygwin\jdk8u121\8372\hotspot\src\share\vm\classfile\systemDictionary.cpp, li
Event: 6.212 Thread 0x00000000043ce000 Exception <a 'java/lang/ClassNotFoundException': org/gradle/api/plugins/ObjectConfigurationActionCustomizer> (0x00000000eb4959b0) thrown at [C:\re\workspace\8-2-build-windows-amd64-cygwin\jdk8u121\8372\hotspot\src\share\vm\classfile\systemDictionary.cpp, 
Event: 6.762 Thread 0x00000000043ce000 Exception <a 'java/lang/ClassNotFoundException': org/gradle/api/plugins/BasePluginConventionBeanInfo> (0x00000000eca6a718) thrown at [C:\re\workspace\8-2-build-windows-amd64-cygwin\jdk8u121\8372\hotspot\src\share\vm\classfile\systemDictionary.cpp, line 21
Event: 6.763 Thread 0x00000000043ce000 Exception <a 'java/lang/ClassNotFoundException': org/gradle/api/plugins/BasePluginConventionCustomizer> (0x00000000eca9c4b8) thrown at [C:\re\workspace\8-2-build-windows-amd64-cygwin\jdk8u121\8372\hotspot\src\share\vm\classfile\systemDictionary.cpp, line 

Events (10 events):
Event: 7.135 loading class org/apache/tools/ant/types/Reference
Event: 7.135 loading class org/apache/tools/ant/types/Reference done
Event: 7.136 loading class org/apache/tools/ant/Location
Event: 7.136 loading class org/apache/tools/ant/Location done
Event: 7.145 loading class org/apache/tools/ant/input/InputRequest
Event: 7.145 loading class org/apache/tools/ant/input/InputRequest done
Event: 7.150 loading class java/net/Proxy
Event: 7.151 loading class java/net/Proxy done
Event: 7.178 Executing VM operation: ParallelGCFailedAllocation
Event: 7.187 Executing VM operation: ParallelGCFailedAllocation done


Dynamic libraries:
0x00007ff7efe90000 - 0x00007ff7efec7000 	C:\Program Files\Java\jdk1.8.0_121\bin\java.exe
0x00007ffe70450000 - 0x00007ffe70630000 	C:\WINDOWS\SYSTEM32\ntdll.dll
0x00007ffe6e3b0000 - 0x00007ffe6e45e000 	C:\WINDOWS\System32\KERNEL32.DLL
0x00007ffe6d560000 - 0x00007ffe6d7c6000 	C:\WINDOWS\System32\KERNELBASE.dll
0x00007ffe6d920000 - 0x00007ffe6d9c1000 	C:\WINDOWS\System32\ADVAPI32.dll
0x00007ffe6e710000 - 0x00007ffe6e7ad000 	C:\WINDOWS\System32\msvcrt.dll
0x00007ffe6db60000 - 0x00007ffe6dbbb000 	C:\WINDOWS\System32\sechost.dll
0x00007ffe6e460000 - 0x00007ffe6e57f000 	C:\WINDOWS\System32\RPCRT4.dll
0x00007ffe6e580000 - 0x00007ffe6e70f000 	C:\WINDOWS\System32\USER32.dll
0x00007ffe6d7d0000 - 0x00007ffe6d7f0000 	C:\WINDOWS\System32\win32u.dll
0x00007ffe6daa0000 - 0x00007ffe6dac8000 	C:\WINDOWS\System32\GDI32.dll
0x00007ffe6c850000 - 0x00007ffe6c9e3000 	C:\WINDOWS\System32\gdi32full.dll
0x00007ffe6d4c0000 - 0x00007ffe6d55b000 	C:\WINDOWS\System32\msvcp_win.dll
0x00007ffe6d140000 - 0x00007ffe6d236000 	C:\WINDOWS\System32\ucrtbase.dll
0x00007ffe64c70000 - 0x00007ffe64ed9000 	C:\WINDOWS\WinSxS\amd64_microsoft.windows.common-controls_6595b64144ccf1df_6.0.16299.309_none_15cfd4c4935e6b11\COMCTL32.dll
0x00007ffe6ecd0000 - 0x00007ffe6efd8000 	C:\WINDOWS\System32\combase.dll
0x00007ffe6d7f0000 - 0x00007ffe6d862000 	C:\WINDOWS\System32\bcryptPrimitives.dll
0x00007ffe6dc80000 - 0x00007ffe6dcad000 	C:\WINDOWS\System32\IMM32.DLL
0x0000000052fa0000 - 0x0000000053072000 	C:\Program Files\Java\jdk1.8.0_121\jre\bin\msvcr100.dll
0x0000000051f90000 - 0x000000005282b000 	C:\Program Files\Java\jdk1.8.0_121\jre\bin\server\jvm.dll
0x00007ffe6dad0000 - 0x00007ffe6dad8000 	C:\WINDOWS\System32\PSAPI.DLL
0x00007ffe67c00000 - 0x00007ffe67c23000 	C:\WINDOWS\SYSTEM32\WINMM.dll
0x00007ffe68e00000 - 0x00007ffe68e0a000 	C:\WINDOWS\SYSTEM32\VERSION.dll
0x00007ffe6b4f0000 - 0x00007ffe6b4f9000 	C:\WINDOWS\SYSTEM32\WSOCK32.dll
0x00007ffe6e160000 - 0x00007ffe6e1cc000 	C:\WINDOWS\System32\WS2_32.dll
0x00007ffe67bd0000 - 0x00007ffe67bfa000 	C:\WINDOWS\SYSTEM32\winmmbase.dll
0x00007ffe6d870000 - 0x00007ffe6d8ba000 	C:\WINDOWS\System32\cfgmgr32.dll
0x0000000052f90000 - 0x0000000052f9f000 	C:\Program Files\Java\jdk1.8.0_121\jre\bin\verify.dll
0x0000000052f60000 - 0x0000000052f89000 	C:\Program Files\Java\jdk1.8.0_121\jre\bin\java.dll
0x0000000052f40000 - 0x0000000052f56000 	C:\Program Files\Java\jdk1.8.0_121\jre\bin\zip.dll
0x00007ffe6efe0000 - 0x00007ffe70416000 	C:\WINDOWS\System32\SHELL32.dll
0x00007ffe6dbc0000 - 0x00007ffe6dc66000 	C:\WINDOWS\System32\shcore.dll
0x00007ffe6c9f0000 - 0x00007ffe6d137000 	C:\WINDOWS\System32\windows.storage.dll
0x00007ffe6e7b0000 - 0x00007ffe6e801000 	C:\WINDOWS\System32\shlwapi.dll
0x00007ffe6c7e0000 - 0x00007ffe6c7f1000 	C:\WINDOWS\System32\kernel.appcore.dll
0x00007ffe6c800000 - 0x00007ffe6c84c000 	C:\WINDOWS\System32\powrprof.dll
0x00007ffe6c7c0000 - 0x00007ffe6c7db000 	C:\WINDOWS\System32\profapi.dll
0x0000000052f20000 - 0x0000000052f3a000 	C:\Program Files\Java\jdk1.8.0_121\jre\bin\net.dll
0x00007ffe6c030000 - 0x00007ffe6c096000 	C:\WINDOWS\system32\mswsock.dll
0x0000000052f00000 - 0x0000000052f11000 	C:\Program Files\Java\jdk1.8.0_121\jre\bin\nio.dll
0x00007ffe66700000 - 0x00007ffe66712000 	C:\Users\livsp\.gradle\native\19\windows-amd64\native-platform.dll
0x0000000180000000 - 0x0000000180037000 	C:\Users\livsp\.gradle\native\jna\win32-amd64\jnidispatch.dll
0x00007ffe6c200000 - 0x00007ffe6c217000 	C:\WINDOWS\SYSTEM32\CRYPTSP.dll
0x00007ffe6bc30000 - 0x00007ffe6bc63000 	C:\WINDOWS\system32\rsaenh.dll
0x00007ffe6c300000 - 0x00007ffe6c325000 	C:\WINDOWS\SYSTEM32\bcrypt.dll
0x00007ffe6c6d0000 - 0x00007ffe6c6f9000 	C:\WINDOWS\SYSTEM32\USERENV.dll
0x00007ffe6c1f0000 - 0x00007ffe6c1fb000 	C:\WINDOWS\SYSTEM32\CRYPTBASE.dll
0x00007ffe6bdc0000 - 0x00007ffe6bdf9000 	C:\WINDOWS\SYSTEM32\IPHLPAPI.DLL
0x00007ffe6e3a0000 - 0x00007ffe6e3a8000 	C:\WINDOWS\System32\NSI.dll
0x00007ffe65bb0000 - 0x00007ffe65bc6000 	C:\WINDOWS\SYSTEM32\dhcpcsvc6.DLL
0x00007ffe65b90000 - 0x00007ffe65baa000 	C:\WINDOWS\SYSTEM32\dhcpcsvc.DLL
0x0000000052ef0000 - 0x0000000052efd000 	C:\Program Files\Java\jdk1.8.0_121\jre\bin\management.dll

VM Arguments:
jvm_args: -Dorg.gradle.appname=gradlew 
java_command: org.gradle.wrapper.GradleWrapperMain installDebug
java_class_path (initial): C:\Users\livsp\Desktop\savvycom\ReactNativeIntern\Source\Milky\android\\gradle\wrapper\gradle-wrapper.jar
Launcher Type: SUN_STANDARD

Environment Variables:
JAVA_HOME=C:\Program Files\Java\jdk1.8.0_121
CLASSPATH=C:\Users\livsp\Desktop\savvycom\ReactNativeIntern\Source\Milky\android\\gradle\wrapper\gradle-wrapper.jar
PATH=C:\ProgramData\Oracle\Java\javapath;C:\WINDOWS\system32;C:\WINDOWS;C:\WINDOWS\System32\Wbem;C:\WINDOWS\System32\WindowsPowerShell\v1.0\;C:\Program Files (x86)\Windows Kits\10\Windows Performance Toolkit\;C:\Program Files\Java\jdk1.8.0_121\bin;C:\WINDOWS\system32\config\systemprofile\.dnx\bin;C:\Program Files\Microsoft DNX\Dnvm\;C:\Program Files\Microsoft SQL Server\130\Tools\Binn\;C:\Program Files\Git\cmd;C:\Program Files\MySQL\MySQL Utilities 1.6\;C:\Program Files\nodejs\;C:\Program Files\Java\jre1.8.0_151;C:\Program Files\Java\jdk1.8.0_121\lib;C:\Users\livsp\AppData\Local\Android\Sdk\tools;C:\Users\livsp\AppData\Local\Android\Sdk\platform-tools;C:\Users\livsp\AppData\Local\Microsoft\WindowsApps;C:\Users\livsp\AppData\Roaming\Dashlane\4.6.6.23032\bin\Firefox_Extension\{442718d9-475e-452a-b3e1-fb1ee16b8e9f}\components;C:\Users\livsp\AppData\Roaming\Dashlane\4.7.2.29375\bin\Firefox_Extension\{442718d9-475e-452a-b3e1-fb1ee16b8e9f}\components;C:\Users\livsp\AppData\Roaming\Dashlane\4.7.2.29375\ucrt;C:\Users\livsp\AppData\Roaming\npm;C:\Users\livsp\AppData\Local\atom\bin;C:\Users\livsp\AppData\Local\Microsoft\WindowsApps;C:\Program Files\Microsoft VS Code\bin
USERNAME=livsp
OS=Windows_NT
PROCESSOR_IDENTIFIER=Intel64 Family 6 Model 61 Stepping 4, GenuineIntel



---------------  S Y S T E M  ---------------

OS: Windows 10.0 , 64 bit Build 16299 (10.0.16299.15)

CPU:total 4 (2 cores per cpu, 2 threads per core) family 6 model 61 stepping 4, cmov, cx8, fxsr, mmx, sse, sse2, sse3, ssse3, sse4.1, sse4.2, popcnt, avx, avx2, aes, clmul, erms, 3dnowpref, lzcnt, ht, tsc, tscinvbit, bmi1, bmi2, adx

Memory: 4k page, physical 4091272k(495080k free), swap 6188424k(7000k free)

vm_info: Java HotSpot(TM) 64-Bit Server VM (25.121-b13) for windows-amd64 JRE (1.8.0_121-b13), built on Dec 12 2016 18:21:36 by "java_re" with MS VC++ 10.0 (VS2010)

time: Tue Apr 10 14:51:50 2018
elapsed time: 7 seconds (0d 0h 0m 7s)

