#
# There is insufficient memory for the Java Runtime Environment to continue.
# Native memory allocation (malloc) failed to allocate 970576 bytes for Chunk::new
# Possible reasons:
#   The system is out of physical RAM or swap space
#   In 32 bit mode, the process size limit was hit
# Possible solutions:
#   Reduce memory load on the system
#   Increase physical memory or swap space
#   Check if swap backing store is full
#   Use 64 bit Java on a 64 bit OS
#   Decrease Java heap size (-Xmx/-Xms)
#   Decrease number of Java threads
#   Decrease Java thread stack sizes (-Xss)
#   Set larger code cache with -XX:ReservedCodeCacheSize=
# This output file may be truncated or incomplete.
#
#  Out of Memory Error (allocation.cpp:390), pid=5068, tid=0x00000000000021c0
#
# JRE version: Java(TM) SE Runtime Environment (8.0_121-b13) (build 1.8.0_121-b13)
# Java VM: Java HotSpot(TM) 64-Bit Server VM (25.121-b13 mixed mode windows-amd64 compressed oops)
# Failed to write core dump. Minidumps are not enabled by default on client versions of Windows
#

---------------  T H R E A D  ---------------

Current thread (0x0000000016c34800):  JavaThread "C2 CompilerThread1" daemon [_thread_in_native, id=8640, stack(0x0000000018490000,0x0000000018590000)]

Stack: [0x0000000018490000,0x0000000018590000]
[error occurred during error reporting (printing stack bounds), id 0xc0000005]

Native frames: (J=compiled Java code, j=interpreted, Vv=VM code, C=native code)


Current CompileTask:
C2:  29251 1058       4       java.net.URLClassLoader$1::run (5 bytes)


---------------  P R O C E S S  ---------------

Java Threads: ( => current thread )
  0x000000001a05d000 JavaThread "pool-1-thread-1" [_thread_blocked, id=10608, stack(0x000000001be90000,0x000000001bf90000)]
  0x00000000186bd000 JavaThread "Service Thread" daemon [_thread_blocked, id=3548, stack(0x0000000018a90000,0x0000000018b90000)]
  0x0000000016c37000 JavaThread "C1 CompilerThread2" daemon [_thread_blocked, id=1312, stack(0x0000000018590000,0x0000000018690000)]
=>0x0000000016c34800 JavaThread "C2 CompilerThread1" daemon [_thread_in_native, id=8640, stack(0x0000000018490000,0x0000000018590000)]
  0x0000000016c32000 JavaThread "C2 CompilerThread0" daemon [_thread_blocked, id=3828, stack(0x0000000018390000,0x0000000018490000)]
  0x0000000016c30800 JavaThread "Attach Listener" daemon [_thread_blocked, id=9384, stack(0x0000000018290000,0x0000000018390000)]
  0x0000000016c2f800 JavaThread "Signal Dispatcher" daemon [_thread_blocked, id=1736, stack(0x0000000018190000,0x0000000018290000)]
  0x000000000460c800 JavaThread "Finalizer" daemon [_thread_blocked, id=2644, stack(0x0000000017e90000,0x0000000017f90000)]
  0x0000000016bf8800 JavaThread "Reference Handler" daemon [_thread_blocked, id=9168, stack(0x0000000017d90000,0x0000000017e90000)]
  0x0000000002c4e000 JavaThread "main" [_thread_in_Java, id=7488, stack(0x0000000004400000,0x0000000004500000)]

Other Threads:
  0x0000000016bf7000 VMThread [stack: 0x0000000017c90000,0x0000000017d90000] [id=8240]
  0x00000000186f7000 WatcherThread [stack: 0x0000000018b90000,0x0000000018c90000] [id=1336]

VM state:not at safepoint (normal execution)

VM Mutex/Monitor currently owned by a thread: None

Heap:
 PSYoungGen      total 18944K, used 9873K [0x00000000eb300000, 0x00000000ed000000, 0x0000000100000000)
  eden space 16384K, 44% used [0x00000000eb300000,0x00000000eba2c568,0x00000000ec300000)
  from space 2560K, 98% used [0x00000000ec300000,0x00000000ec578020,0x00000000ec580000)
  to   space 6656K, 0% used [0x00000000ec980000,0x00000000ec980000,0x00000000ed000000)
 ParOldGen       total 44032K, used 8146K [0x00000000c1800000, 0x00000000c4300000, 0x00000000eb300000)
  object space 44032K, 18% used [0x00000000c1800000,0x00000000c1ff4a18,0x00000000c4300000)
 Metaspace       used 16302K, capacity 16600K, committed 16768K, reserved 1062912K
  class space    used 2227K, capacity 2312K, committed 2432K, reserved 1048576K

Card table byte_map: [0x00000000139e0000,0x0000000013be0000] byte_map_base: 0x00000000133d4000

Marking Bits: (ParMarkBitMap*) 0x00000000527ab6d0
 Begin Bits: [0x0000000014130000, 0x00000000150d0000)
 End Bits:   [0x00000000150d0000, 0x0000000016070000)

Polling page: 0x0000000002c30000

CodeCache: size=245760Kb used=4031Kb max_used=4039Kb free=241728Kb
 bounds [0x0000000004620000, 0x0000000004a20000, 0x0000000013620000]
 total_blobs=1463 nmethods=1104 adapters=272
 compilation: enabled

Compilation events (10 events):
Event: 29.151 Thread 0x0000000016c37000 nmethod 1085 0x0000000004a03310 code [0x0000000004a035a0, 0x0000000004a04348]
Event: 29.151 Thread 0x0000000016c37000 1086       3       sun.misc.ProxyGenerator::codeLocalLoadStore (90 bytes)
Event: 29.153 Thread 0x0000000016c37000 nmethod 1086 0x0000000004a04e50 code [0x0000000004a050a0, 0x0000000004a061c8]
Event: 29.166 Thread 0x0000000016c32000 nmethod 1080 0x0000000004a09790 code [0x0000000004a09960, 0x0000000004a0b188]
Event: 29.166 Thread 0x0000000016c32000 1083       4       org.gradle.internal.service.DefaultServiceRegistry$SingletonService::getService (21 bytes)
Event: 29.170 Thread 0x0000000016c32000 nmethod 1083 0x0000000004a07310 code [0x0000000004a07480, 0x0000000004a07848]
Event: 29.170 Thread 0x0000000016c32000 1084       4       org.gradle.internal.service.DefaultServiceRegistry$ClassSpec::isSatisfiedBy (9 bytes)
Event: 29.173 Thread 0x0000000016c32000 nmethod 1084 0x0000000004a06c10 code [0x0000000004a06d80, 0x0000000004a07058]
Event: 29.176 Thread 0x0000000016c37000 1087       3       sun.reflect.ReflectionFactory::inflationThreshold (4 bytes)
Event: 29.176 Thread 0x0000000016c37000 nmethod 1087 0x00000000049f9a90 code [0x00000000049f9be0, 0x00000000049f9d10]

GC Heap History (10 events):
Event: 7.839 GC heap before
{Heap before GC invocations=1 (full 0):
 PSYoungGen      total 18944K, used 16384K [0x00000000eb300000, 0x00000000ec800000, 0x0000000100000000)
  eden space 16384K, 100% used [0x00000000eb300000,0x00000000ec300000,0x00000000ec300000)
  from space 2560K, 0% used [0x00000000ec580000,0x00000000ec580000,0x00000000ec800000)
  to   space 2560K, 0% used [0x00000000ec300000,0x00000000ec300000,0x00000000ec580000)
 ParOldGen       total 44032K, used 0K [0x00000000c1800000, 0x00000000c4300000, 0x00000000eb300000)
  object space 44032K, 0% used [0x00000000c1800000,0x00000000c1800000,0x00000000c4300000)
 Metaspace       used 6802K, capacity 7040K, committed 7168K, reserved 1056768K
  class space    used 878K, capacity 960K, committed 1024K, reserved 1048576K
Event: 7.843 GC heap after
Heap after GC invocations=1 (full 0):
 PSYoungGen      total 18944K, used 2547K [0x00000000eb300000, 0x00000000ec800000, 0x0000000100000000)
  eden space 16384K, 0% used [0x00000000eb300000,0x00000000eb300000,0x00000000ec300000)
  from space 2560K, 99% used [0x00000000ec300000,0x00000000ec57cd58,0x00000000ec580000)
  to   space 2560K, 0% used [0x00000000ec580000,0x00000000ec580000,0x00000000ec800000)
 ParOldGen       total 44032K, used 618K [0x00000000c1800000, 0x00000000c4300000, 0x00000000eb300000)
  object space 44032K, 1% used [0x00000000c1800000,0x00000000c189aaa8,0x00000000c4300000)
 Metaspace       used 6802K, capacity 7040K, committed 7168K, reserved 1056768K
  class space    used 878K, capacity 960K, committed 1024K, reserved 1048576K
}
Event: 16.523 GC heap before
{Heap before GC invocations=2 (full 0):
 PSYoungGen      total 18944K, used 18931K [0x00000000eb300000, 0x00000000ec800000, 0x0000000100000000)
  eden space 16384K, 100% used [0x00000000eb300000,0x00000000ec300000,0x00000000ec300000)
  from space 2560K, 99% used [0x00000000ec300000,0x00000000ec57cd58,0x00000000ec580000)
  to   space 2560K, 0% used [0x00000000ec580000,0x00000000ec580000,0x00000000ec800000)
 ParOldGen       total 44032K, used 618K [0x00000000c1800000, 0x00000000c4300000, 0x00000000eb300000)
  object space 44032K, 1% used [0x00000000c1800000,0x00000000c189aaa8,0x00000000c4300000)
 Metaspace       used 8542K, capacity 8672K, committed 8960K, reserved 1056768K
  class space    used 1127K, capacity 1184K, committed 1280K, reserved 1048576K
Event: 16.527 GC heap after
Heap after GC invocations=2 (full 0):
 PSYoungGen      total 18944K, used 2554K [0x00000000eb300000, 0x00000000ec800000, 0x0000000100000000)
  eden space 16384K, 0% used [0x00000000eb300000,0x00000000eb300000,0x00000000ec300000)
  from space 2560K, 99% used [0x00000000ec580000,0x00000000ec7fe9b0,0x00000000ec800000)
  to   space 2560K, 0% used [0x00000000ec300000,0x00000000ec300000,0x00000000ec580000)
 ParOldGen       total 44032K, used 1341K [0x00000000c1800000, 0x00000000c4300000, 0x00000000eb300000)
  object space 44032K, 3% used [0x00000000c1800000,0x00000000c194f6e0,0x00000000c4300000)
 Metaspace       used 8542K, capacity 8672K, committed 8960K, reserved 1056768K
  class space    used 1127K, capacity 1184K, committed 1280K, reserved 1048576K
}
Event: 28.488 GC heap before
{Heap before GC invocations=3 (full 0):
 PSYoungGen      total 18944K, used 18938K [0x00000000eb300000, 0x00000000ec800000, 0x0000000100000000)
  eden space 16384K, 100% used [0x00000000eb300000,0x00000000ec300000,0x00000000ec300000)
  from space 2560K, 99% used [0x00000000ec580000,0x00000000ec7fe9b0,0x00000000ec800000)
  to   space 2560K, 0% used [0x00000000ec300000,0x00000000ec300000,0x00000000ec580000)
 ParOldGen       total 44032K, used 1341K [0x00000000c1800000, 0x00000000c4300000, 0x00000000eb300000)
  object space 44032K, 3% used [0x00000000c1800000,0x00000000c194f6e0,0x00000000c4300000)
 Metaspace       used 9841K, capacity 10136K, committed 10496K, reserved 1058816K
  class space    used 1303K, capacity 1416K, committed 1536K, reserved 1048576K
Event: 28.497 GC heap after
Heap after GC invocations=3 (full 0):
 PSYoungGen      total 18944K, used 2528K [0x00000000eb300000, 0x00000000ec800000, 0x0000000100000000)
  eden space 16384K, 0% used [0x00000000eb300000,0x00000000eb300000,0x00000000ec300000)
  from space 2560K, 98% used [0x00000000ec300000,0x00000000ec578040,0x00000000ec580000)
  to   space 2560K, 0% used [0x00000000ec580000,0x00000000ec580000,0x00000000ec800000)
 ParOldGen       total 44032K, used 2242K [0x00000000c1800000, 0x00000000c4300000, 0x00000000eb300000)
  object space 44032K, 5% used [0x00000000c1800000,0x00000000c1a308a8,0x00000000c4300000)
 Metaspace       used 9841K, capacity 10136K, committed 10496K, reserved 1058816K
  class space    used 1303K, capacity 1416K, committed 1536K, reserved 1048576K
}
Event: 28.802 GC heap before
{Heap before GC invocations=4 (full 0):
 PSYoungGen      total 18944K, used 18912K [0x00000000eb300000, 0x00000000ec800000, 0x0000000100000000)
  eden space 16384K, 100% used [0x00000000eb300000,0x00000000ec300000,0x00000000ec300000)
  from space 2560K, 98% used [0x00000000ec300000,0x00000000ec578040,0x00000000ec580000)
  to   space 2560K, 0% used [0x00000000ec580000,0x00000000ec580000,0x00000000ec800000)
 ParOldGen       total 44032K, used 2242K [0x00000000c1800000, 0x00000000c4300000, 0x00000000eb300000)
  object space 44032K, 5% used [0x00000000c1800000,0x00000000c1a308a8,0x00000000c4300000)
 Metaspace       used 11646K, capacity 11864K, committed 12032K, reserved 1058816K
  class space    used 1608K, capacity 1672K, committed 1792K, reserved 1048576K
Event: 28.808 GC heap after
Heap after GC invocations=4 (full 0):
 PSYoungGen      total 18944K, used 2544K [0x00000000eb300000, 0x00000000ec800000, 0x0000000100000000)
  eden space 16384K, 0% used [0x00000000eb300000,0x00000000eb300000,0x00000000ec300000)
  from space 2560K, 99% used [0x00000000ec580000,0x00000000ec7fc030,0x00000000ec800000)
  to   space 2560K, 0% used [0x00000000ec300000,0x00000000ec300000,0x00000000ec580000)
 ParOldGen       total 44032K, used 4334K [0x00000000c1800000, 0x00000000c4300000, 0x00000000eb300000)
  object space 44032K, 9% used [0x00000000c1800000,0x00000000c1c3b970,0x00000000c4300000)
 Metaspace       used 11646K, capacity 11864K, committed 12032K, reserved 1058816K
  class space    used 1608K, capacity 1672K, committed 1792K, reserved 1048576K
}
Event: 29.082 GC heap before
{Heap before GC invocations=5 (full 0):
 PSYoungGen      total 18944K, used 18928K [0x00000000eb300000, 0x00000000ec800000, 0x0000000100000000)
  eden space 16384K, 100% used [0x00000000eb300000,0x00000000ec300000,0x00000000ec300000)
  from space 2560K, 99% used [0x00000000ec580000,0x00000000ec7fc030,0x00000000ec800000)
  to   space 2560K, 0% used [0x00000000ec300000,0x00000000ec300000,0x00000000ec580000)
 ParOldGen       total 44032K, used 4334K [0x00000000c1800000, 0x00000000c4300000, 0x00000000eb300000)
  object space 44032K, 9% used [0x00000000c1800000,0x00000000c1c3b970,0x00000000c4300000)
 Metaspace       used 15467K, capacity 15704K, committed 15872K, reserved 1062912K
  class space    used 2091K, capacity 2184K, committed 2304K, reserved 1048576K
Event: 29.089 GC heap after
Heap after GC invocations=5 (full 0):
 PSYoungGen      total 18944K, used 2528K [0x00000000eb300000, 0x00000000ed000000, 0x0000000100000000)
  eden space 16384K, 0% used [0x00000000eb300000,0x00000000eb300000,0x00000000ec300000)
  from space 2560K, 98% used [0x00000000ec300000,0x00000000ec578020,0x00000000ec580000)
  to   space 6656K, 0% used [0x00000000ec980000,0x00000000ec980000,0x00000000ed000000)
 ParOldGen       total 44032K, used 8146K [0x00000000c1800000, 0x00000000c4300000, 0x00000000eb300000)
  object space 44032K, 18% used [0x00000000c1800000,0x00000000c1ff4a18,0x00000000c4300000)
 Metaspace       used 15467K, capacity 15704K, committed 15872K, reserved 1062912K
  class space    used 2091K, capacity 2184K, committed 2304K, reserved 1048576K
}

Deoptimization events (10 events):
Event: 28.692 Thread 0x0000000002c4e000 Uncommon trap: reason=bimorphic action=maybe_recompile pc=0x00000000048d7424 method=java.util.HashMap.putVal(ILjava/lang/Object;Ljava/lang/Object;ZZ)Ljava/lang/Object; @ 203
Event: 28.692 Thread 0x0000000002c4e000 Uncommon trap: reason=bimorphic action=maybe_recompile pc=0x00000000048d7424 method=java.util.HashMap.putVal(ILjava/lang/Object;Ljava/lang/Object;ZZ)Ljava/lang/Object; @ 203
Event: 28.692 Thread 0x0000000002c4e000 Uncommon trap: reason=bimorphic action=maybe_recompile pc=0x00000000048d7424 method=java.util.HashMap.putVal(ILjava/lang/Object;Ljava/lang/Object;ZZ)Ljava/lang/Object; @ 203
Event: 28.692 Thread 0x0000000002c4e000 Uncommon trap: reason=bimorphic action=maybe_recompile pc=0x000000000489a184 method=java.util.HashMap.putVal(ILjava/lang/Object;Ljava/lang/Object;ZZ)Ljava/lang/Object; @ 203
Event: 28.744 Thread 0x0000000002c4e000 Uncommon trap: reason=unstable_if action=reinterpret pc=0x000000000478cd88 method=java.net.URI.match(CJJ)Z @ 19
Event: 28.970 Thread 0x0000000002c4e000 Uncommon trap: reason=bimorphic action=maybe_recompile pc=0x0000000004897b84 method=java.util.HashMap.putVal(ILjava/lang/Object;Ljava/lang/Object;ZZ)Ljava/lang/Object; @ 203
Event: 29.141 Thread 0x0000000002c4e000 Uncommon trap: reason=class_check action=maybe_recompile pc=0x00000000049e8b74 method=org.gradle.internal.service.DefaultServiceRegistry$SingletonService.getService(Lorg/gradle/internal/service/DefaultServiceRegistry$LookupContext;Lorg/gradle/internal/ser
Event: 29.142 Thread 0x0000000002c4e000 Uncommon trap: reason=class_check action=maybe_recompile pc=0x00000000049e8b74 method=org.gradle.internal.service.DefaultServiceRegistry$SingletonService.getService(Lorg/gradle/internal/service/DefaultServiceRegistry$LookupContext;Lorg/gradle/internal/ser
Event: 29.142 Thread 0x0000000002c4e000 Uncommon trap: reason=class_check action=maybe_recompile pc=0x00000000049e8b74 method=org.gradle.internal.service.DefaultServiceRegistry$SingletonService.getService(Lorg/gradle/internal/service/DefaultServiceRegistry$LookupContext;Lorg/gradle/internal/ser
Event: 29.142 Thread 0x0000000002c4e000 Uncommon trap: reason=class_check action=maybe_recompile pc=0x00000000049e8b74 method=org.gradle.internal.service.DefaultServiceRegistry$SingletonService.getService(Lorg/gradle/internal/service/DefaultServiceRegistry$LookupContext;Lorg/gradle/internal/ser

Internal exceptions (10 events):
Event: 28.963 Thread 0x0000000002c4e000 Exception <a 'java/lang/ClassNotFoundException': groovy/lang/ExpandoMetaClassBeanInfo> (0x00000000ebb53e50) thrown at [C:\re\workspace\8-2-build-windows-amd64-cygwin\jdk8u121\8372\hotspot\src\share\vm\classfile\systemDictionary.cpp, line 210]
Event: 28.963 Thread 0x0000000002c4e000 Exception <a 'java/lang/ClassNotFoundException': groovy/lang/MetaClassImplBeanInfo> (0x00000000ebb5eae8) thrown at [C:\re\workspace\8-2-build-windows-amd64-cygwin\jdk8u121\8372\hotspot\src\share\vm\classfile\systemDictionary.cpp, line 210]
Event: 28.963 Thread 0x0000000002c4e000 Exception <a 'java/lang/ClassNotFoundException': java/lang/ObjectBeanInfo> (0x00000000ebb63a70) thrown at [C:\re\workspace\8-2-build-windows-amd64-cygwin\jdk8u121\8372\hotspot\src\share\vm\classfile\systemDictionary.cpp, line 210]
Event: 28.964 Thread 0x0000000002c4e000 Exception <a 'java/lang/ClassNotFoundException': java/lang/ObjectCustomizer> (0x00000000ebb68b40) thrown at [C:\re\workspace\8-2-build-windows-amd64-cygwin\jdk8u121\8372\hotspot\src\share\vm\classfile\systemDictionary.cpp, line 210]
Event: 28.967 Thread 0x0000000002c4e000 Exception <a 'java/lang/ClassNotFoundException': groovy/lang/MetaClassImplCustomizer> (0x00000000ebb7b530) thrown at [C:\re\workspace\8-2-build-windows-amd64-cygwin\jdk8u121\8372\hotspot\src\share\vm\classfile\systemDictionary.cpp, line 210]
Event: 28.969 Thread 0x0000000002c4e000 Exception <a 'java/lang/ClassNotFoundException': groovy/lang/ExpandoMetaClassCustomizer> (0x00000000ebbaf0e8) thrown at [C:\re\workspace\8-2-build-windows-amd64-cygwin\jdk8u121\8372\hotspot\src\share\vm\classfile\systemDictionary.cpp, line 210]
Event: 28.979 Thread 0x0000000002c4e000 Exception <a 'java/lang/ClassNotFoundException': org/gradle/api/internal/plugins/DefaultExtraPropertiesExtensionBeanInfo> (0x00000000ebc2f478) thrown at [C:\re\workspace\8-2-build-windows-amd64-cygwin\jdk8u121\8372\hotspot\src\share\vm\classfile\systemDic
Event: 28.979 Thread 0x0000000002c4e000 Exception <a 'java/lang/ClassNotFoundException': groovy/lang/GroovyObjectSupportBeanInfo> (0x00000000ebc3b2b0) thrown at [C:\re\workspace\8-2-build-windows-amd64-cygwin\jdk8u121\8372\hotspot\src\share\vm\classfile\systemDictionary.cpp, line 210]
Event: 28.980 Thread 0x0000000002c4e000 Exception <a 'java/lang/ClassNotFoundException': groovy/lang/GroovyObjectSupportCustomizer> (0x00000000ebc47470) thrown at [C:\re\workspace\8-2-build-windows-amd64-cygwin\jdk8u121\8372\hotspot\src\share\vm\classfile\systemDictionary.cpp, line 210]
Event: 28.981 Thread 0x0000000002c4e000 Exception <a 'java/lang/ClassNotFoundException': org/gradle/api/internal/plugins/DefaultExtraPropertiesExtensionCustomizer> (0x00000000ebc5d8b0) thrown at [C:\re\workspace\8-2-build-windows-amd64-cygwin\jdk8u121\8372\hotspot\src\share\vm\classfile\systemD

Events (10 events):
Event: 29.176 loading class org/gradle/initialization/CompositeInitScriptFinder
Event: 29.176 loading class org/gradle/initialization/CompositeInitScriptFinder done
Event: 29.177 loading class org/gradle/initialization/InitScriptFinder
Event: 29.177 loading class org/gradle/initialization/InitScriptFinder done
Event: 29.177 loading class org/gradle/initialization/UserHomeInitScriptFinder
Event: 29.177 loading class org/gradle/initialization/UserHomeInitScriptFinder done
Event: 29.177 loading class org/gradle/initialization/DirectoryInitScriptFinder
Event: 29.177 loading class org/gradle/initialization/DirectoryInitScriptFinder done
Event: 29.177 loading class org/gradle/initialization/DistributionInitScriptFinder
Event: 29.177 loading class org/gradle/initialization/DistributionInitScriptFinder done


Dynamic libraries:
0x00007ff7efe90000 - 0x00007ff7efec7000 	C:\Program Files\Java\jdk1.8.0_121\bin\java.exe
0x00007ffe70450000 - 0x00007ffe70630000 	C:\WINDOWS\SYSTEM32\ntdll.dll
0x00007ffe6e3b0000 - 0x00007ffe6e45e000 	C:\WINDOWS\System32\KERNEL32.DLL
0x00007ffe6d560000 - 0x00007ffe6d7c6000 	C:\WINDOWS\System32\KERNELBASE.dll
0x00007ffe6d920000 - 0x00007ffe6d9c1000 	C:\WINDOWS\System32\ADVAPI32.dll
0x00007ffe6e710000 - 0x00007ffe6e7ad000 	C:\WINDOWS\System32\msvcrt.dll
0x00007ffe6db60000 - 0x00007ffe6dbbb000 	C:\WINDOWS\System32\sechost.dll
0x00007ffe6e460000 - 0x00007ffe6e57f000 	C:\WINDOWS\System32\RPCRT4.dll
0x00007ffe6e580000 - 0x00007ffe6e70f000 	C:\WINDOWS\System32\USER32.dll
0x00007ffe6d7d0000 - 0x00007ffe6d7f0000 	C:\WINDOWS\System32\win32u.dll
0x00007ffe6daa0000 - 0x00007ffe6dac8000 	C:\WINDOWS\System32\GDI32.dll
0x00007ffe6c850000 - 0x00007ffe6c9e3000 	C:\WINDOWS\System32\gdi32full.dll
0x00007ffe6d4c0000 - 0x00007ffe6d55b000 	C:\WINDOWS\System32\msvcp_win.dll
0x00007ffe6d140000 - 0x00007ffe6d236000 	C:\WINDOWS\System32\ucrtbase.dll
0x00007ffe64c70000 - 0x00007ffe64ed9000 	C:\WINDOWS\WinSxS\amd64_microsoft.windows.common-controls_6595b64144ccf1df_6.0.16299.309_none_15cfd4c4935e6b11\COMCTL32.dll
0x00007ffe6ecd0000 - 0x00007ffe6efd8000 	C:\WINDOWS\System32\combase.dll
0x00007ffe6d7f0000 - 0x00007ffe6d862000 	C:\WINDOWS\System32\bcryptPrimitives.dll
0x00007ffe6dc80000 - 0x00007ffe6dcad000 	C:\WINDOWS\System32\IMM32.DLL
0x0000000052fa0000 - 0x0000000053072000 	C:\Program Files\Java\jdk1.8.0_121\jre\bin\msvcr100.dll
0x0000000051f90000 - 0x000000005282b000 	C:\Program Files\Java\jdk1.8.0_121\jre\bin\server\jvm.dll
0x00007ffe6dad0000 - 0x00007ffe6dad8000 	C:\WINDOWS\System32\PSAPI.DLL
0x00007ffe68e00000 - 0x00007ffe68e0a000 	C:\WINDOWS\SYSTEM32\VERSION.dll
0x00007ffe67c00000 - 0x00007ffe67c23000 	C:\WINDOWS\SYSTEM32\WINMM.dll
0x00007ffe6b4f0000 - 0x00007ffe6b4f9000 	C:\WINDOWS\SYSTEM32\WSOCK32.dll
0x00007ffe6e160000 - 0x00007ffe6e1cc000 	C:\WINDOWS\System32\WS2_32.dll
0x00007ffe67bd0000 - 0x00007ffe67bfa000 	C:\WINDOWS\SYSTEM32\WINMMBASE.dll
0x00007ffe6d870000 - 0x00007ffe6d8ba000 	C:\WINDOWS\System32\cfgmgr32.dll
0x0000000052f90000 - 0x0000000052f9f000 	C:\Program Files\Java\jdk1.8.0_121\jre\bin\verify.dll
0x0000000052f60000 - 0x0000000052f89000 	C:\Program Files\Java\jdk1.8.0_121\jre\bin\java.dll
0x0000000052f40000 - 0x0000000052f56000 	C:\Program Files\Java\jdk1.8.0_121\jre\bin\zip.dll
0x00007ffe6efe0000 - 0x00007ffe70416000 	C:\WINDOWS\System32\SHELL32.dll
0x00007ffe6dbc0000 - 0x00007ffe6dc66000 	C:\WINDOWS\System32\shcore.dll
0x00007ffe6c9f0000 - 0x00007ffe6d137000 	C:\WINDOWS\System32\windows.storage.dll
0x00007ffe6e7b0000 - 0x00007ffe6e801000 	C:\WINDOWS\System32\shlwapi.dll
0x00007ffe6c7e0000 - 0x00007ffe6c7f1000 	C:\WINDOWS\System32\kernel.appcore.dll
0x00007ffe6c800000 - 0x00007ffe6c84c000 	C:\WINDOWS\System32\powrprof.dll
0x00007ffe6c7c0000 - 0x00007ffe6c7db000 	C:\WINDOWS\System32\profapi.dll
0x0000000052f20000 - 0x0000000052f3a000 	C:\Program Files\Java\jdk1.8.0_121\jre\bin\net.dll
0x00007ffe6c030000 - 0x00007ffe6c096000 	C:\WINDOWS\system32\mswsock.dll
0x0000000052f00000 - 0x0000000052f11000 	C:\Program Files\Java\jdk1.8.0_121\jre\bin\nio.dll
0x00007ffe65f00000 - 0x00007ffe65f12000 	C:\Users\livsp\.gradle\native\19\windows-amd64\native-platform.dll
0x0000000180000000 - 0x0000000180037000 	C:\Users\livsp\.gradle\native\jna\win32-amd64\jnidispatch.dll
0x00007ffe6c200000 - 0x00007ffe6c217000 	C:\WINDOWS\SYSTEM32\CRYPTSP.dll
0x00007ffe6bc30000 - 0x00007ffe6bc63000 	C:\WINDOWS\system32\rsaenh.dll
0x00007ffe6c300000 - 0x00007ffe6c325000 	C:\WINDOWS\SYSTEM32\bcrypt.dll
0x00007ffe6c6d0000 - 0x00007ffe6c6f9000 	C:\WINDOWS\SYSTEM32\USERENV.dll
0x00007ffe6c1f0000 - 0x00007ffe6c1fb000 	C:\WINDOWS\SYSTEM32\CRYPTBASE.dll
0x00007ffe6bdc0000 - 0x00007ffe6bdf9000 	C:\WINDOWS\SYSTEM32\IPHLPAPI.DLL
0x00007ffe6e3a0000 - 0x00007ffe6e3a8000 	C:\WINDOWS\System32\NSI.dll
0x00007ffe65bb0000 - 0x00007ffe65bc6000 	C:\WINDOWS\SYSTEM32\dhcpcsvc6.DLL
0x00007ffe65b90000 - 0x00007ffe65baa000 	C:\WINDOWS\SYSTEM32\dhcpcsvc.DLL
0x0000000052ef0000 - 0x0000000052efd000 	C:\Program Files\Java\jdk1.8.0_121\jre\bin\management.dll

VM Arguments:
jvm_args: -Dorg.gradle.appname=gradlew 
java_command: org.gradle.wrapper.GradleWrapperMain installDebug
java_class_path (initial): C:\Users\livsp\Desktop\savvycom\ReactNativeIntern\Source\Milky\android\\gradle\wrapper\gradle-wrapper.jar
Launcher Type: SUN_STANDARD

Environment Variables:
JAVA_HOME=C:\Program Files\Java\jdk1.8.0_121
CLASSPATH=C:\Users\livsp\Desktop\savvycom\ReactNativeIntern\Source\Milky\android\\gradle\wrapper\gradle-wrapper.jar
PATH=C:\ProgramData\Oracle\Java\javapath;C:\WINDOWS\system32;C:\WINDOWS;C:\WINDOWS\System32\Wbem;C:\WINDOWS\System32\WindowsPowerShell\v1.0\;C:\Program Files (x86)\Windows Kits\10\Windows Performance Toolkit\;C:\Program Files\Java\jdk1.8.0_121\bin;C:\WINDOWS\system32\config\systemprofile\.dnx\bin;C:\Program Files\Microsoft DNX\Dnvm\;C:\Program Files\Microsoft SQL Server\130\Tools\Binn\;C:\Program Files\Git\cmd;C:\Program Files\MySQL\MySQL Utilities 1.6\;C:\Program Files\nodejs\;C:\Program Files\Java\jre1.8.0_151;C:\Program Files\Java\jdk1.8.0_121\lib;C:\Users\livsp\AppData\Local\Android\Sdk\tools;C:\Users\livsp\AppData\Local\Android\Sdk\platform-tools;C:\Users\livsp\AppData\Local\Microsoft\WindowsApps;C:\Users\livsp\AppData\Roaming\Dashlane\4.6.6.23032\bin\Firefox_Extension\{442718d9-475e-452a-b3e1-fb1ee16b8e9f}\components;C:\Users\livsp\AppData\Roaming\Dashlane\4.7.2.29375\bin\Firefox_Extension\{442718d9-475e-452a-b3e1-fb1ee16b8e9f}\components;C:\Users\livsp\AppData\Roaming\Dashlane\4.7.2.29375\ucrt;C:\Users\livsp\AppData\Roaming\npm;C:\Users\livsp\AppData\Local\atom\bin;C:\Users\livsp\AppData\Local\Microsoft\WindowsApps;C:\Program Files\Microsoft VS Code\bin
USERNAME=livsp
OS=Windows_NT
PROCESSOR_IDENTIFIER=Intel64 Family 6 Model 61 Stepping 4, GenuineIntel



---------------  S Y S T E M  ---------------

OS: Windows 10.0 , 64 bit Build 16299 (10.0.16299.15)

CPU:total 4 (2 cores per cpu, 2 threads per core) family 6 model 61 stepping 4, cmov, cx8, fxsr, mmx, sse, sse2, sse3, ssse3, sse4.1, sse4.2, popcnt, avx, avx2, aes, clmul, erms, 3dnowpref, lzcnt, ht, tsc, tscinvbit, bmi1, bmi2, adx

Memory: 4k page, physical 4091272k(759448k free), swap 6188424k(6772k free)

vm_info: Java HotSpot(TM) 64-Bit Server VM (25.121-b13) for windows-amd64 JRE (1.8.0_121-b13), built on Dec 12 2016 18:21:36 by "java_re" with MS VC++ 10.0 (VS2010)

time: Tue Apr 10 14:38:17 2018
elapsed time: 29 seconds (0d 0h 0m 29s)

